Build started 6/18/2014 1:08:16 PM.
     1>Project "C:\Users\Sinko\Documents\GitHub\midasTouch\Leapmotiontest\Leapmotiontest\Leapmotiontest.vcxproj" on node 2 (Build target(s)).
     1>ClCompile:
         C:\Program Files (x86)\Microsoft Visual Studio 12.0\VC\bin\CL.exe /c /Zi /nologo /W3 /WX- /sdl /O2 /Oi /Oy- /GL /D WIN32 /D NDEBUG /D _CONSOLE /D _LIB /D _UNICODE /D UNICODE /Gm- /EHsc /MD /GS /Gy /fp:precise /Zc:wchar_t /Zc:forScope /Yu"stdafx.h" /Fp"Release\Leapmotiontest.pch" /Fo"Release\\" /Fd"Release\vc120.pdb" /Gd /TP /analyze- /errorReport:prompt Leapmotiontest.cpp
         Leapmotiontest.cpp
     1>Leapmotiontest.cpp(7): fatal error C1083: Cannot open include file: 'Leap.h': No such file or directory
     1>Done Building Project "C:\Users\Sinko\Documents\GitHub\midasTouch\Leapmotiontest\Leapmotiontest\Leapmotiontest.vcxproj" (Build target(s)) -- FAILED.

Build FAILED.

Time Elapsed 00:00:01.00
